c:\users\mlb\source\repos\template\template\x64\debug\vc142.pdb
c:\users\mlb\source\repos\template\template\x64\debug\vc142.idb
c:\users\mlb\source\repos\template\template\x64\debug\vulkanapplication.obj
c:\users\mlb\source\repos\template\template\x64\debug\multithreadtest.obj
c:\users\mlb\source\repos\template\template\x64\debug\mtypedefine.obj
c:\users\mlb\source\repos\template\template\x64\debug\mserver.obj
c:\users\mlb\source\repos\template\template\x64\debug\memorypool.obj
c:\users\mlb\source\repos\template\template\x64\debug\main.obj
f:\vulkanapp\template\template\x64\debug\vc142.pdb
f:\vulkanapp\template\template\x64\debug\vc142.idb
f:\vulkanapp\template\template\x64\debug\multithreadtest.obj
f:\vulkanapp\template\template\x64\debug\mtypedefine.obj
f:\vulkanapp\template\template\x64\debug\mserver.obj
f:\vulkanapp\template\template\x64\debug\memorypool.obj
f:\vulkanapp\template\template\x64\debug\main.obj
f:\vulkanapp\template\template\x64\debug\vulkanapplication.obj
c:\users\mlb\source\repos\template\x64\debug\template.exe
c:\users\mlb\source\repos\template\template\x64\debug\template.ilk
c:\users\mlb\source\repos\template\x64\debug\template.pdb
f:\vulkanapp\template\x64\debug\template.pdb
f:\vulkanapp\template\template\x64\debug\template.tlog\cl.command.1.tlog
f:\vulkanapp\template\template\x64\debug\template.tlog\cl.read.1.tlog
f:\vulkanapp\template\template\x64\debug\template.tlog\cl.write.1.tlog
f:\vulkanapp\template\template\x64\debug\template.tlog\link-cvtres.read.1.tlog
f:\vulkanapp\template\template\x64\debug\template.tlog\link-cvtres.write.1.tlog
f:\vulkanapp\template\template\x64\debug\template.tlog\link-rc.read.1.tlog
f:\vulkanapp\template\template\x64\debug\template.tlog\link-rc.write.1.tlog
f:\vulkanapp\template\template\x64\debug\template.tlog\link.command.1.tlog
f:\vulkanapp\template\template\x64\debug\template.tlog\link.read.1.tlog
f:\vulkanapp\template\template\x64\debug\template.tlog\link.write.1.tlog
